model-1577205770,1577205794.777,in_sample,0.07,0.0663,validation,0.07,0.068
model-1577205770,1577205801.438,in_sample,0.43,0.0508,validation,0.38,0.0545
model-1577205770,1577205808.114,in_sample,0.48,0.047,validation,0.5,0.0466
model-1577205770,1577205814.791,in_sample,0.54,0.0428,validation,0.56,0.0421
model-1577205770,1577205819.033,in_sample,0.54,0.0418,validation,0.58,0.0411
model-1577205770,1577205825.683,in_sample,0.59,0.036,validation,0.6,0.0377
model-1577205770,1577205832.315,in_sample,0.61,0.0356,validation,0.63,0.0367
model-1577205770,1577205838.942,in_sample,0.65,0.0363,validation,0.61,0.0379
model-1577205770,1577205843.173,in_sample,0.66,0.0345,validation,0.64,0.0354
model-1577205770,1577205849.855,in_sample,0.7,0.0291,validation,0.63,0.0356
model-1577205770,1577205856.581,in_sample,0.7,0.0283,validation,0.66,0.0336
model-1577205770,1577205863.37,in_sample,0.71,0.0291,validation,0.65,0.0357
model-1577205770,1577205867.667,in_sample,0.69,0.03,validation,0.66,0.0338
model-1577205770,1577205874.426,in_sample,0.77,0.024,validation,0.66,0.0344
model-1577205770,1577205881.197,in_sample,0.77,0.024,validation,0.66,0.0339
model-1577205770,1577205887.833,in_sample,0.76,0.0261,validation,0.65,0.0352
model-1577205770,1577205892.169,in_sample,0.73,0.0245,validation,0.65,0.0339
model-1577205770,1577205899.039,in_sample,0.81,0.0202,validation,0.64,0.0365
model-1577205770,1577205905.917,in_sample,0.81,0.0198,validation,0.66,0.0345
model-1577205770,1577205912.666,in_sample,0.84,0.0181,validation,0.65,0.0353
model-1577206309,1577206334.182,in_sample,0.09,0.0663,validation,0.07,0.067
model-1577206309,1577206341.072,in_sample,0.48,0.0496,validation,0.43,0.0519
model-1577206309,1577206347.856,in_sample,0.49,0.0454,validation,0.54,0.0433
model-1577206309,1577206354.686,in_sample,0.52,0.0417,validation,0.58,0.0394
model-1577206309,1577206358.974,in_sample,0.57,0.0398,validation,0.6,0.0384
model-1577206309,1577206365.644,in_sample,0.63,0.0323,validation,0.63,0.0363
model-1577206309,1577206372.398,in_sample,0.64,0.0322,validation,0.65,0.0342
model-1577206309,1577206379.132,in_sample,0.69,0.0311,validation,0.66,0.034
model-1577206309,1577206383.405,in_sample,0.73,0.0314,validation,0.66,0.0339
model-1577206309,1577206390.15,in_sample,0.7,0.0276,validation,0.65,0.0343
model-1577206309,1577206396.846,in_sample,0.74,0.0253,validation,0.66,0.0337
model-1577206309,1577206403.577,in_sample,0.75,0.024,validation,0.66,0.0345
model-1577206309,1577206407.856,in_sample,0.75,0.0259,validation,0.67,0.0332
model-1577206309,1577206414.599,in_sample,0.8,0.0216,validation,0.65,0.0353
model-1577206309,1577206421.322,in_sample,0.79,0.0215,validation,0.67,0.0328
model-1577206309,1577206428.009,in_sample,0.77,0.0245,validation,0.64,0.0356
model-1577206309,1577206432.268,in_sample,0.77,0.0214,validation,0.66,0.0332
model-1577206309,1577206438.968,in_sample,0.86,0.0159,validation,0.64,0.0358
model-1577206309,1577206445.651,in_sample,0.79,0.0199,validation,0.66,0.0336
model-1577206309,1577206452.332,in_sample,0.85,0.0159,validation,0.65,0.0358
model-1577206521,1577206545.251,in_sample,0.08,0.0663,validation,0.07,0.0683
model-1577206521,1577206552.048,in_sample,0.4,0.0551,validation,0.33,0.0582
model-1577206521,1577206558.716,in_sample,0.46,0.0511,validation,0.42,0.0522
model-1577206521,1577206565.407,in_sample,0.48,0.0474,validation,0.51,0.0456
model-1577206521,1577206569.652,in_sample,0.54,0.0436,validation,0.52,0.0445
model-1577206521,1577206576.413,in_sample,0.57,0.039,validation,0.57,0.0401
model-1577206521,1577206583.107,in_sample,0.61,0.0393,validation,0.6,0.0384
model-1577206521,1577206589.807,in_sample,0.63,0.0374,validation,0.6,0.0388
model-1577206521,1577206594.206,in_sample,0.59,0.0356,validation,0.62,0.037
model-1577206521,1577206600.949,in_sample,0.7,0.0302,validation,0.62,0.0366
model-1577206521,1577206607.692,in_sample,0.66,0.0304,validation,0.66,0.0333
model-1577206521,1577206614.436,in_sample,0.66,0.0309,validation,0.64,0.0351
model-1577206521,1577206618.689,in_sample,0.65,0.0336,validation,0.66,0.0343
model-1577206521,1577206625.42,in_sample,0.79,0.0245,validation,0.65,0.0349
model-1577206521,1577206632.126,in_sample,0.76,0.0262,validation,0.66,0.0333
model-1577206521,1577206638.868,in_sample,0.7,0.0276,validation,0.66,0.0338
model-1577206521,1577206643.178,in_sample,0.66,0.0299,validation,0.65,0.0339
model-1577206521,1577206649.915,in_sample,0.84,0.0197,validation,0.64,0.0367
model-1577206521,1577206656.61,in_sample,0.76,0.0242,validation,0.66,0.0339
model-1577206521,1577206663.283,in_sample,0.77,0.0224,validation,0.63,0.036
model-1577206521,1577206667.646,in_sample,0.7,0.025,validation,0.65,0.0346
model-1577206521,1577206674.389,in_sample,0.83,0.0173,validation,0.66,0.0354
model-1577206521,1577206681.109,in_sample,0.79,0.0201,validation,0.64,0.0359
model-1577206521,1577206687.818,in_sample,0.85,0.0184,validation,0.66,0.0347
model-1577206521,1577206692.103,in_sample,0.83,0.0183,validation,0.67,0.0334
model-1577206521,1577206698.947,in_sample,0.86,0.0155,validation,0.68,0.0335
model-1577206521,1577206705.686,in_sample,0.84,0.018,validation,0.64,0.0365
model-1577206521,1577206712.586,in_sample,0.84,0.0154,validation,0.66,0.0358
model-1577206521,1577206716.875,in_sample,0.89,0.0134,validation,0.66,0.0351
model-1577206521,1577206723.617,in_sample,0.88,0.0135,validation,0.64,0.0371
model-1577206521,1577206730.333,in_sample,0.86,0.0148,validation,0.66,0.0361
model-1577206521,1577206737.309,in_sample,0.9,0.0115,validation,0.66,0.0359
model-1577206521,1577206741.667,in_sample,0.88,0.0136,validation,0.67,0.0362
model-1577206521,1577206748.51,in_sample,0.9,0.0119,validation,0.65,0.0369
model-1577206521,1577206755.26,in_sample,0.85,0.0163,validation,0.67,0.0345
model-1577206521,1577206762.021,in_sample,0.9,0.0106,validation,0.67,0.0357
model-1577206521,1577206766.328,in_sample,0.91,0.0099,validation,0.65,0.0365
model-1577206521,1577206773.03,in_sample,0.88,0.0113,validation,0.67,0.0348
model-1577206521,1577206779.909,in_sample,0.87,0.0136,validation,0.66,0.0364
model-1577206521,1577206786.935,in_sample,0.93,0.0076,validation,0.64,0.038
model-1577207132,1577207158.467,in_sample,0.08,0.0663,validation,0.07,0.0665
model-1577207132,1577207165.243,in_sample,0.34,0.0532,validation,0.42,0.0526
model-1577207132,1577207172.006,in_sample,0.52,0.0443,validation,0.53,0.0437
model-1577207132,1577207178.78,in_sample,0.59,0.0408,validation,0.59,0.0386
model-1577207132,1577207183.103,in_sample,0.54,0.0401,validation,0.59,0.0394
model-1577207132,1577207189.775,in_sample,0.67,0.0327,validation,0.62,0.0366
model-1577207132,1577207196.498,in_sample,0.65,0.0334,validation,0.65,0.0344
model-1577207132,1577207203.176,in_sample,0.69,0.032,validation,0.64,0.0359
model-1577207132,1577207207.464,in_sample,0.69,0.0315,validation,0.65,0.0347
model-1577207132,1577207214.248,in_sample,0.73,0.0266,validation,0.64,0.0355
model-1577207132,1577207221.044,in_sample,0.7,0.0263,validation,0.66,0.0327
model-1577207132,1577207227.756,in_sample,0.74,0.0269,validation,0.66,0.0336
model-1577207132,1577207232.044,in_sample,0.73,0.0254,validation,0.66,0.0333
model-1577207132,1577207238.782,in_sample,0.81,0.0207,validation,0.64,0.0355
model-1577207132,1577207245.543,in_sample,0.76,0.0241,validation,0.66,0.0333
model-1577207132,1577207252.54,in_sample,0.74,0.0274,validation,0.63,0.0376
model-1577207132,1577207256.871,in_sample,0.74,0.0241,validation,0.67,0.0324
model-1577207132,1577207263.583,in_sample,0.84,0.0173,validation,0.66,0.0342
model-1577207132,1577207270.489,in_sample,0.78,0.0219,validation,0.66,0.0343
model-1577207132,1577207277.621,in_sample,0.77,0.0221,validation,0.64,0.0371
model-1577207132,1577207282.231,in_sample,0.83,0.019,validation,0.66,0.0339
model-1577207132,1577207289.101,in_sample,0.91,0.0118,validation,0.67,0.0332
model-1577207132,1577207295.848,in_sample,0.87,0.0138,validation,0.67,0.034
model-1577207132,1577207302.923,in_sample,0.88,0.0141,validation,0.64,0.0374
model-1577207132,1577207307.631,in_sample,0.9,0.0116,validation,0.64,0.0364
model-1577207132,1577207314.566,in_sample,0.91,0.01,validation,0.65,0.0368
model-1577207132,1577207321.311,in_sample,0.88,0.0137,validation,0.65,0.0361
model-1577207132,1577207328.091,in_sample,0.9,0.0108,validation,0.64,0.038
model-1577207132,1577207332.345,in_sample,0.88,0.0118,validation,0.67,0.0341
model-1577207132,1577207339.019,in_sample,0.9,0.0103,validation,0.66,0.0352
model-1577207132,1577207345.729,in_sample,0.88,0.0125,validation,0.67,0.0344
model-1577207132,1577207352.522,in_sample,0.91,0.0095,validation,0.68,0.0336
model-1577207132,1577207356.771,in_sample,0.92,0.009,validation,0.65,0.0366
model-1577207132,1577207363.579,in_sample,0.95,0.0072,validation,0.66,0.0361
model-1577207132,1577207370.417,in_sample,0.91,0.0107,validation,0.67,0.0348
model-1577207132,1577207377.18,in_sample,0.91,0.0087,validation,0.68,0.0346
model-1577207132,1577207381.48,in_sample,0.95,0.0065,validation,0.68,0.0338
model-1577207132,1577207388.158,in_sample,0.92,0.0061,validation,0.67,0.0351
model-1577207132,1577207394.808,in_sample,0.91,0.0102,validation,0.67,0.0352
model-1577207132,1577207401.486,in_sample,0.96,0.0044,validation,0.67,0.035
model-1577208087,1577208117.322,in_sample,0.1,0.0663,validation,0.07,0.0667
model-1577208087,1577208123.998,in_sample,0.39,0.053,validation,0.4,0.0536
model-1577208087,1577208130.892,in_sample,0.47,0.0479,validation,0.51,0.0456
model-1577208087,1577208137.852,in_sample,0.52,0.0432,validation,0.57,0.0401
model-1577208087,1577208142.409,in_sample,0.59,0.0405,validation,0.57,0.0408
model-1577208087,1577208149.39,in_sample,0.55,0.0396,validation,0.62,0.0367
model-1577208087,1577208156.339,in_sample,0.59,0.0369,validation,0.62,0.0355
model-1577208087,1577208163.126,in_sample,0.7,0.0323,validation,0.62,0.0365
model-1577208087,1577208167.525,in_sample,0.64,0.0351,validation,0.61,0.0364
model-1577208087,1577208174.379,in_sample,0.6,0.0366,validation,0.64,0.0343
model-1577208087,1577208181.097,in_sample,0.69,0.0315,validation,0.64,0.0343
model-1577208087,1577208187.785,in_sample,0.72,0.0281,validation,0.64,0.0346
model-1577208087,1577208192.055,in_sample,0.68,0.0316,validation,0.64,0.0342
model-1577208087,1577208198.737,in_sample,0.7,0.0287,validation,0.67,0.0334
model-1577208087,1577208205.712,in_sample,0.75,0.0268,validation,0.64,0.0349
model-1577208087,1577208212.751,in_sample,0.73,0.0252,validation,0.64,0.0358
model-1577208087,1577208217.144,in_sample,0.72,0.0293,validation,0.67,0.0324
model-1577208087,1577208223.954,in_sample,0.73,0.0278,validation,0.66,0.034
model-1577208087,1577208230.72,in_sample,0.77,0.0243,validation,0.66,0.0329
model-1577208087,1577208237.452,in_sample,0.78,0.0219,validation,0.65,0.0346
model-1577208253,1577208283.017,in_sample,0.04,0.0663,validation,0.06,0.0668
model-1577208253,1577208289.914,in_sample,0.36,0.0559,validation,0.4,0.0533
model-1577208253,1577208296.552,in_sample,0.38,0.0557,validation,0.52,0.0454
model-1577208253,1577208303.348,in_sample,0.51,0.0446,validation,0.57,0.0403
model-1577208253,1577208307.771,in_sample,0.6,0.0371,validation,0.61,0.0379
model-1577208253,1577208314.877,in_sample,0.55,0.0375,validation,0.63,0.0358
model-1577208253,1577208321.674,in_sample,0.61,0.0386,validation,0.63,0.0353
model-1577208253,1577208328.31,in_sample,0.66,0.0333,validation,0.64,0.0341
model-1577208253,1577208332.927,in_sample,0.64,0.0309,validation,0.65,0.0345
model-1577208253,1577208339.822,in_sample,0.73,0.0263,validation,0.66,0.0332
model-1577208253,1577208346.678,in_sample,0.7,0.0304,validation,0.65,0.0338
model-1577208253,1577208353.465,in_sample,0.71,0.0276,validation,0.67,0.0324
model-1577208253,1577208357.769,in_sample,0.8,0.0223,validation,0.64,0.0355
model-1577208253,1577208364.704,in_sample,0.77,0.0229,validation,0.66,0.0335
model-1577208253,1577208371.587,in_sample,0.79,0.0252,validation,0.64,0.0357
model-1577208253,1577208378.441,in_sample,0.78,0.0235,validation,0.66,0.0335
model-1577208253,1577208382.672,in_sample,0.84,0.0184,validation,0.67,0.0327
model-1577208253,1577208389.351,in_sample,0.77,0.0217,validation,0.64,0.0361
model-1577208253,1577208396.04,in_sample,0.77,0.0229,validation,0.67,0.0325
model-1577208253,1577208402.67,in_sample,0.81,0.0204,validation,0.67,0.0334
model-1577208572,1577208691.483,in_sample,0.08,0.0663,validation,0.07,0.0669
model-1577208572,1577208705.456,in_sample,0.38,0.052,validation,0.39,0.0533
model-1577208572,1577208719.242,in_sample,0.52,0.0465,validation,0.52,0.0446
model-1577208572,1577208733.115,in_sample,0.52,0.0443,validation,0.56,0.0413
model-1577208572,1577208747.161,in_sample,0.65,0.0338,validation,0.61,0.037
model-1577208572,1577208761.039,in_sample,0.61,0.0388,validation,0.63,0.0356
model-1577208572,1577208774.824,in_sample,0.73,0.0291,validation,0.65,0.0338
model-1577208572,1577208788.997,in_sample,0.68,0.0357,validation,0.65,0.0339
model-1577208572,1577208803.109,in_sample,0.7,0.0311,validation,0.65,0.0331
model-1577208572,1577208816.9,in_sample,0.72,0.0301,validation,0.68,0.0313
model-1577208572,1577208830.628,in_sample,0.65,0.03,validation,0.67,0.0318
model-1577208572,1577208844.549,in_sample,0.66,0.0334,validation,0.69,0.0299
model-1577208572,1577208858.415,in_sample,0.7,0.0299,validation,0.68,0.031
model-1577208572,1577208872.459,in_sample,0.73,0.0288,validation,0.71,0.0286
model-1577208572,1577208887.383,in_sample,0.73,0.0283,validation,0.71,0.0286
model-1577208572,1577208901.77,in_sample,0.76,0.0245,validation,0.7,0.0288
model-1577208572,1577208915.87,in_sample,0.74,0.0274,validation,0.71,0.0281
model-1577208572,1577208929.653,in_sample,0.68,0.033,validation,0.7,0.0287
model-1577208572,1577208941.082,in_sample,0.73,0.0288,validation,0.71,0.0283
model-1577208572,1577208954.933,in_sample,0.77,0.0247,validation,0.72,0.0273
model-1577208572,1577208968.731,in_sample,0.78,0.022,validation,0.73,0.0263
model-1577208572,1577208982.496,in_sample,0.7,0.0295,validation,0.73,0.027
model-1577208572,1577208996.305,in_sample,0.76,0.0239,validation,0.74,0.0259
model-1577208572,1577209010.074,in_sample,0.71,0.03,validation,0.74,0.0255
model-1577208572,1577209023.822,in_sample,0.82,0.0183,validation,0.74,0.0255
model-1577208572,1577209037.469,in_sample,0.7,0.0269,validation,0.75,0.0253
model-1577208572,1577209051.2,in_sample,0.77,0.023,validation,0.74,0.0255
model-1577208572,1577209064.91,in_sample,0.77,0.0214,validation,0.74,0.0253
model-1577208572,1577209078.502,in_sample,0.78,0.0219,validation,0.74,0.0251
model-1577208572,1577209092.194,in_sample,0.73,0.0259,validation,0.74,0.0252
model-1577208572,1577209105.827,in_sample,0.75,0.0224,validation,0.73,0.0264
model-1577208572,1577209119.467,in_sample,0.82,0.0203,validation,0.75,0.0249
model-1577208572,1577209133.126,in_sample,0.76,0.0232,validation,0.75,0.0246
model-1577208572,1577209146.801,in_sample,0.78,0.0191,validation,0.75,0.0246
model-1577208572,1577209160.427,in_sample,0.77,0.0231,validation,0.75,0.025
model-1577208572,1577209174.371,in_sample,0.72,0.0276,validation,0.75,0.0248
model-1577208572,1577209186.054,in_sample,0.78,0.0234,validation,0.75,0.0252
model-1577208572,1577209200.229,in_sample,0.83,0.0184,validation,0.75,0.0247
model-1577208572,1577209214.649,in_sample,0.86,0.0158,validation,0.76,0.0238
model-1577208572,1577209228.829,in_sample,0.76,0.0242,validation,0.74,0.0255
model-1577208572,1577209243.05,in_sample,0.81,0.0189,validation,0.75,0.0247
model-1577208572,1577209256.99,in_sample,0.79,0.0231,validation,0.75,0.0247
model-1577208572,1577209270.921,in_sample,0.9,0.0124,validation,0.75,0.0248
model-1577208572,1577209284.911,in_sample,0.78,0.0223,validation,0.75,0.0246
model-1577208572,1577209298.925,in_sample,0.82,0.0176,validation,0.75,0.0247
model-1577208572,1577209312.915,in_sample,0.86,0.0148,validation,0.76,0.0243
model-1577208572,1577209326.849,in_sample,0.85,0.0167,validation,0.76,0.0244
model-1577208572,1577209340.831,in_sample,0.74,0.025,validation,0.75,0.0256
model-1577208572,1577209354.978,in_sample,0.87,0.0136,validation,0.75,0.0254
model-1577208572,1577209369.128,in_sample,0.86,0.0153,validation,0.76,0.024
model-1577208572,1577209383.43,in_sample,0.8,0.0194,validation,0.76,0.024
model-1577208572,1577209397.446,in_sample,0.84,0.0164,validation,0.75,0.0257
model-1577208572,1577209411.42,in_sample,0.84,0.0154,validation,0.75,0.0252
model-1577208572,1577209425.604,in_sample,0.76,0.0257,validation,0.76,0.0248
model-1577208572,1577209437.327,in_sample,0.81,0.0191,validation,0.74,0.0259
model-1577208572,1577209451.43,in_sample,0.86,0.0162,validation,0.75,0.025
model-1577208572,1577209465.391,in_sample,0.84,0.0141,validation,0.75,0.0252
model-1577208572,1577209479.326,in_sample,0.88,0.0149,validation,0.76,0.025
model-1577208572,1577209493.26,in_sample,0.88,0.0138,validation,0.75,0.0254
model-1577208572,1577209507.262,in_sample,0.8,0.0189,validation,0.75,0.0249
model-1577208572,1577209521.218,in_sample,0.94,0.0085,validation,0.75,0.025
model-1577208572,1577209535.205,in_sample,0.82,0.0182,validation,0.75,0.0258
model-1577208572,1577209549.2,in_sample,0.85,0.0149,validation,0.75,0.0256
model-1577208572,1577209563.727,in_sample,0.92,0.009,validation,0.76,0.0247
model-1577208572,1577209579.001,in_sample,0.88,0.0131,validation,0.75,0.0256
model-1577208572,1577209593.403,in_sample,0.8,0.0187,validation,0.76,0.0251
model-1577208572,1577209607.558,in_sample,0.91,0.0115,validation,0.74,0.0267
model-1577208572,1577209621.634,in_sample,0.89,0.0118,validation,0.75,0.0257
model-1577208572,1577209635.72,in_sample,0.84,0.0154,validation,0.76,0.025
model-1577208572,1577209650.149,in_sample,0.86,0.013,validation,0.76,0.0251
model-1577208572,1577209665.143,in_sample,0.88,0.0128,validation,0.76,0.025
model-1577208572,1577209679.687,in_sample,0.8,0.0215,validation,0.76,0.0249
model-1577208572,1577209691.726,in_sample,0.87,0.0141,validation,0.75,0.0259
model-1577208572,1577209705.749,in_sample,0.86,0.0142,validation,0.74,0.0265
model-1577208572,1577209719.835,in_sample,0.91,0.0089,validation,0.76,0.0258
model-1577208572,1577209733.932,in_sample,0.84,0.0148,validation,0.76,0.0245
model-1577208572,1577209748.036,in_sample,0.91,0.0107,validation,0.76,0.0259
model-1577208572,1577209762.119,in_sample,0.88,0.0127,validation,0.75,0.0255
model-1577208572,1577209776.215,in_sample,0.92,0.0069,validation,0.76,0.0257
model-1577208572,1577209790.373,in_sample,0.85,0.0162,validation,0.75,0.0265
model-1577208572,1577209804.446,in_sample,0.89,0.0118,validation,0.75,0.0269
model-1577208572,1577209818.657,in_sample,0.89,0.0116,validation,0.75,0.0257
model-1577208572,1577209832.591,in_sample,0.89,0.0137,validation,0.75,0.0261
model-1577208572,1577209846.935,in_sample,0.88,0.0143,validation,0.75,0.0263
model-1577208572,1577209861.025,in_sample,0.91,0.0095,validation,0.75,0.0256
model-1577208572,1577209875.116,in_sample,0.89,0.0115,validation,0.75,0.0262
model-1577208572,1577209889.181,in_sample,0.91,0.0108,validation,0.76,0.0258
model-1577208572,1577209903.273,in_sample,0.93,0.0075,validation,0.76,0.0253
model-1577208572,1577209917.275,in_sample,0.9,0.0106,validation,0.76,0.0251
model-1577208572,1577209931.354,in_sample,0.83,0.0192,validation,0.76,0.026
model-1577210004,1577210033.681,in_sample,0.07,0.0663,validation,0.08,0.0668
model-1577210004,1577210040.409,in_sample,0.35,0.0579,validation,0.36,0.0552
model-1577210004,1577210047.126,in_sample,0.52,0.0457,validation,0.47,0.0491
model-1577210004,1577210053.817,in_sample,0.54,0.0421,validation,0.55,0.0426
model-1577210004,1577210058.084,in_sample,0.52,0.0436,validation,0.57,0.0413
model-1577210004,1577210064.794,in_sample,0.52,0.0436,validation,0.58,0.0398
model-1577210004,1577210071.522,in_sample,0.7,0.0312,validation,0.62,0.0377
model-1577210004,1577210078.269,in_sample,0.68,0.0311,validation,0.63,0.0354
model-1577210004,1577210082.555,in_sample,0.64,0.0359,validation,0.64,0.0347
model-1577210004,1577210089.233,in_sample,0.62,0.0344,validation,0.62,0.0356
model-1577210004,1577210095.91,in_sample,0.78,0.0254,validation,0.65,0.0343
model-1577210004,1577210102.659,in_sample,0.7,0.0275,validation,0.65,0.034
model-1577210004,1577210106.941,in_sample,0.65,0.0321,validation,0.66,0.0337
model-1577210004,1577210113.703,in_sample,0.7,0.029,validation,0.67,0.0328
model-1577210004,1577210120.566,in_sample,0.76,0.0256,validation,0.67,0.0332
model-1577210004,1577210127.472,in_sample,0.78,0.0228,validation,0.66,0.0337
model-1577210004,1577210131.906,in_sample,0.73,0.0283,validation,0.67,0.0333
model-1577210004,1577210139.025,in_sample,0.73,0.0273,validation,0.65,0.0348
model-1577210004,1577210145.936,in_sample,0.78,0.023,validation,0.67,0.0326
model-1577210004,1577210152.863,in_sample,0.84,0.018,validation,0.66,0.0347
model-1577210004,1577210157.204,in_sample,0.8,0.0229,validation,0.67,0.0338
model-1577210004,1577210163.926,in_sample,0.84,0.0175,validation,0.68,0.0321
model-1577210004,1577210170.892,in_sample,0.83,0.019,validation,0.67,0.0333
model-1577210004,1577210177.793,in_sample,0.88,0.0126,validation,0.67,0.0337
model-1577210004,1577210182.118,in_sample,0.82,0.0204,validation,0.65,0.0367
model-1577210004,1577210188.867,in_sample,0.82,0.0168,validation,0.67,0.034
model-1577210004,1577210195.589,in_sample,0.82,0.0197,validation,0.65,0.036
model-1577210004,1577210202.362,in_sample,0.91,0.0105,validation,0.65,0.0364
model-1577210004,1577210206.652,in_sample,0.81,0.0186,validation,0.67,0.0349
model-1577210004,1577210213.376,in_sample,0.91,0.0107,validation,0.68,0.0334
model-1577210004,1577210220.221,in_sample,0.88,0.0125,validation,0.66,0.0362
model-1577210004,1577210226.997,in_sample,0.88,0.0105,validation,0.68,0.0341
model-1577210004,1577210231.387,in_sample,0.85,0.0167,validation,0.66,0.0354
model-1577210004,1577210238.419,in_sample,0.92,0.0091,validation,0.67,0.0349
model-1577210004,1577210245.347,in_sample,0.9,0.0117,validation,0.67,0.0361
model-1577210004,1577210252.277,in_sample,0.91,0.0083,validation,0.66,0.0346
model-1577210004,1577210256.737,in_sample,0.89,0.0121,validation,0.67,0.0343
model-1577210004,1577210263.639,in_sample,0.95,0.0065,validation,0.67,0.0353
model-1577210004,1577210270.285,in_sample,0.94,0.0073,validation,0.69,0.0342
model-1577210004,1577210277.076,in_sample,0.95,0.0051,validation,0.67,0.0349
model-1577210348,1577210373.079,in_sample,0.06,0.0663,validation,0.07,0.0666
model-1577210348,1577210376.589,in_sample,0.28,0.0625,validation,0.2,0.062
model-1577210348,1577210380.089,in_sample,0.25,0.0607,validation,0.35,0.0561
model-1577210348,1577210383.619,in_sample,0.38,0.0543,validation,0.43,0.0508
model-1577210348,1577210387.161,in_sample,0.47,0.0486,validation,0.48,0.0474
model-1577210348,1577210390.671,in_sample,0.53,0.0441,validation,0.48,0.0468
model-1577210348,1577210394.169,in_sample,0.66,0.0358,validation,0.53,0.0428
model-1577210348,1577210397.688,in_sample,0.44,0.0483,validation,0.54,0.0432
model-1577210348,1577210401.206,in_sample,0.5,0.0419,validation,0.58,0.0398
model-1577210348,1577210404.72,in_sample,0.53,0.0438,validation,0.59,0.0385
model-1577210348,1577210408.222,in_sample,0.38,0.0495,validation,0.58,0.0401
model-1577210348,1577210411.735,in_sample,0.53,0.0409,validation,0.61,0.0373
model-1577210348,1577210415.277,in_sample,0.56,0.042,validation,0.59,0.0382
model-1577210348,1577210418.792,in_sample,0.62,0.0376,validation,0.62,0.036
model-1577210348,1577210422.299,in_sample,0.56,0.0444,validation,0.62,0.0358
model-1577210348,1577210425.8,in_sample,0.5,0.047,validation,0.62,0.0359
model-1577210348,1577210429.318,in_sample,0.56,0.0413,validation,0.63,0.0355
model-1577210348,1577210432.861,in_sample,0.53,0.0415,validation,0.61,0.0372
model-1577210348,1577210436.451,in_sample,0.5,0.0432,validation,0.64,0.0351
model-1577210348,1577210440.016,in_sample,0.66,0.028,validation,0.64,0.0351
model-1577210348,1577210443.566,in_sample,0.84,0.0226,validation,0.65,0.0336
model-1577210348,1577210447.209,in_sample,0.84,0.0257,validation,0.65,0.0338
model-1577210348,1577210450.707,in_sample,0.59,0.0345,validation,0.63,0.0352
model-1577210348,1577210454.278,in_sample,0.66,0.0387,validation,0.67,0.0326
model-1577210348,1577210457.955,in_sample,0.66,0.0385,validation,0.63,0.036
model-1577210348,1577210461.514,in_sample,0.62,0.0314,validation,0.64,0.0344
model-1577210348,1577210465.036,in_sample,0.81,0.0251,validation,0.65,0.0334
model-1577210348,1577210468.537,in_sample,0.66,0.0317,validation,0.67,0.0327
model-1577210348,1577210472.054,in_sample,0.56,0.0386,validation,0.65,0.0338
model-1577210348,1577210475.75,in_sample,0.59,0.0358,validation,0.66,0.0335
model-1577210348,1577210479.311,in_sample,0.69,0.0311,validation,0.67,0.0337
model-1577210348,1577210482.868,in_sample,0.69,0.0303,validation,0.64,0.0347
model-1577210348,1577210486.493,in_sample,0.59,0.0394,validation,0.66,0.0337
model-1577210348,1577210490.307,in_sample,0.88,0.0152,validation,0.67,0.0332
model-1577210348,1577210493.954,in_sample,0.84,0.0153,validation,0.68,0.0314
model-1577210348,1577210497.673,in_sample,0.84,0.0186,validation,0.65,0.0344
model-1577210348,1577210501.275,in_sample,0.78,0.0231,validation,0.65,0.0345
model-1577210348,1577210504.876,in_sample,0.69,0.0313,validation,0.68,0.0319
model-1577210348,1577210508.652,in_sample,0.75,0.0267,validation,0.66,0.0339
model-1577210348,1577210512.201,in_sample,0.72,0.0247,validation,0.65,0.0344
model-1577210348,1577210515.754,in_sample,0.88,0.0157,validation,0.66,0.0331
model-1577210348,1577210519.398,in_sample,0.75,0.0263,validation,0.67,0.0334
model-1577210348,1577210522.984,in_sample,0.72,0.0267,validation,0.67,0.0335
model-1577210348,1577210526.714,in_sample,0.78,0.0213,validation,0.68,0.0319
model-1577210348,1577210530.371,in_sample,0.88,0.0183,validation,0.67,0.0344
model-1577210348,1577210533.937,in_sample,0.81,0.0234,validation,0.66,0.0338
model-1577210348,1577210537.433,in_sample,0.72,0.0269,validation,0.66,0.0344
model-1577210348,1577210541.091,in_sample,0.91,0.0111,validation,0.65,0.0361
model-1577210348,1577210544.583,in_sample,0.88,0.0157,validation,0.66,0.0341
model-1577210348,1577210548.098,in_sample,0.88,0.012,validation,0.67,0.0345
model-1577210348,1577210551.662,in_sample,0.81,0.0225,validation,0.66,0.0334
model-1577210348,1577210555.17,in_sample,0.75,0.0267,validation,0.68,0.0318
model-1577210348,1577210558.698,in_sample,0.72,0.0224,validation,0.68,0.0333
model-1577210348,1577210562.405,in_sample,0.78,0.019,validation,0.66,0.0352
model-1577210348,1577210565.971,in_sample,0.91,0.0083,validation,0.68,0.0323
model-1577210348,1577210569.531,in_sample,0.78,0.0233,validation,0.67,0.0342
model-1577210348,1577210573.082,in_sample,0.81,0.0223,validation,0.66,0.0364
model-1577210348,1577210576.569,in_sample,0.78,0.0179,validation,0.67,0.0333
model-1577210348,1577210580.283,in_sample,0.81,0.0178,validation,0.67,0.0349
model-1577210348,1577210583.849,in_sample,0.84,0.0163,validation,0.67,0.0339
model-1577210348,1577210587.42,in_sample,0.78,0.0238,validation,0.66,0.0351
model-1577210348,1577210591.019,in_sample,0.84,0.0151,validation,0.63,0.0387
model-1577210348,1577210594.539,in_sample,0.88,0.0138,validation,0.65,0.0362
model-1577210348,1577210598.133,in_sample,0.94,0.0085,validation,0.68,0.0346
model-1577210348,1577210601.732,in_sample,0.94,0.007,validation,0.68,0.0341
model-1577210348,1577210605.23,in_sample,0.78,0.0227,validation,0.67,0.0335
model-1577210348,1577210608.769,in_sample,0.91,0.0103,validation,0.67,0.0342
model-1577210348,1577210612.297,in_sample,0.84,0.0163,validation,0.67,0.0349
model-1577210348,1577210615.826,in_sample,0.91,0.0089,validation,0.67,0.0341
model-1577210348,1577210619.353,in_sample,0.84,0.0184,validation,0.66,0.0371
model-1577210348,1577210622.889,in_sample,0.78,0.0221,validation,0.66,0.035
model-1577210348,1577210626.4,in_sample,0.91,0.0108,validation,0.67,0.0352
model-1577210348,1577210629.938,in_sample,0.94,0.0093,validation,0.64,0.0387
model-1577210348,1577210633.557,in_sample,0.78,0.0211,validation,0.67,0.0343
model-1577210348,1577210637.211,in_sample,0.78,0.0192,validation,0.67,0.0344
model-1577210348,1577210640.819,in_sample,0.91,0.0099,validation,0.66,0.0357
model-1577210348,1577210644.36,in_sample,0.88,0.0139,validation,0.66,0.0353
model-1577210348,1577210647.918,in_sample,0.97,0.0037,validation,0.65,0.0364
model-1577210348,1577210651.535,in_sample,0.94,0.0092,validation,0.66,0.0364
model-1577210348,1577210655.124,in_sample,0.78,0.0241,validation,0.67,0.0346
model-1577210348,1577210658.733,in_sample,0.88,0.0125,validation,0.67,0.0354
model-1577210348,1577210662.29,in_sample,0.88,0.0143,validation,0.65,0.0375
model-1577210348,1577210665.804,in_sample,0.94,0.0066,validation,0.67,0.0344
model-1577210348,1577210669.324,in_sample,0.88,0.0148,validation,0.67,0.0361
model-1577210348,1577210672.871,in_sample,0.88,0.0144,validation,0.67,0.035
model-1577210348,1577210676.418,in_sample,0.88,0.0137,validation,0.67,0.0354
model-1577210348,1577210679.937,in_sample,0.91,0.0104,validation,0.66,0.0369
model-1577210348,1577210683.527,in_sample,0.88,0.0109,validation,0.64,0.0385
model-1577210348,1577210687.058,in_sample,0.81,0.0175,validation,0.68,0.0339
model-1577210348,1577210690.644,in_sample,0.91,0.0105,validation,0.68,0.0344
model-1577210348,1577210694.158,in_sample,0.91,0.0093,validation,0.67,0.0346
model-1577210348,1577210697.756,in_sample,1.0,0.0008,validation,0.68,0.0341
model-1577210348,1577210701.289,in_sample,0.94,0.0054,validation,0.67,0.0361
model-1577210348,1577210704.838,in_sample,0.84,0.0224,validation,0.65,0.038
model-1577210348,1577210708.346,in_sample,0.81,0.016,validation,0.66,0.0359
model-1577210348,1577210711.836,in_sample,0.94,0.0083,validation,0.67,0.0358
model-1577210348,1577210715.49,in_sample,0.88,0.0105,validation,0.67,0.0359
model-1577210348,1577210719.071,in_sample,0.91,0.0113,validation,0.68,0.0346
model-1577210348,1577210722.646,in_sample,0.94,0.0099,validation,0.67,0.0356
model-1577210348,1577210726.133,in_sample,0.91,0.0108,validation,0.64,0.0384
model-1577210348,1577210729.615,in_sample,0.97,0.0052,validation,0.66,0.0371
model-1577210348,1577210733.165,in_sample,0.94,0.0083,validation,0.67,0.035
model-1577210348,1577210736.872,in_sample,0.91,0.0111,validation,0.68,0.035
model-1577210348,1577210740.411,in_sample,0.97,0.0041,validation,0.68,0.0346
model-1577210348,1577210743.951,in_sample,0.91,0.0075,validation,0.67,0.0359
model-1577210348,1577210747.505,in_sample,1.0,0.0006,validation,0.68,0.0348
model-1577210348,1577210751.049,in_sample,0.97,0.004,validation,0.67,0.0357
model-1577210348,1577210754.676,in_sample,0.84,0.0224,validation,0.67,0.0363
model-1577210348,1577210758.187,in_sample,0.91,0.0092,validation,0.67,0.0363
model-1577210348,1577210761.965,in_sample,0.94,0.0071,validation,0.67,0.0366
model-1577210348,1577210765.704,in_sample,0.97,0.0032,validation,0.67,0.0357
model-1577210348,1577210769.235,in_sample,0.94,0.0081,validation,0.68,0.0354
model-1577210348,1577210772.771,in_sample,0.94,0.0071,validation,0.68,0.0358
model-1577210348,1577210776.306,in_sample,0.91,0.0108,validation,0.67,0.0373
model-1577210348,1577210779.862,in_sample,0.94,0.0069,validation,0.66,0.0373
model-1577210348,1577210783.389,in_sample,0.91,0.0085,validation,0.67,0.0352
model-1577210348,1577210786.944,in_sample,0.94,0.0094,validation,0.66,0.0374
model-1577210348,1577210790.724,in_sample,0.94,0.0063,validation,0.69,0.0343
model-1577210348,1577210794.323,in_sample,0.94,0.0061,validation,0.68,0.0354
model-1577210348,1577210798.063,in_sample,1.0,0.0005,validation,0.68,0.0353
model-1577210348,1577210801.621,in_sample,0.97,0.0036,validation,0.68,0.0359
model-1577210348,1577210805.309,in_sample,0.84,0.0203,validation,0.68,0.0363
model-1577210348,1577210808.917,in_sample,1.0,0.0007,validation,0.68,0.0352
model-1577210348,1577210812.543,in_sample,0.94,0.0072,validation,0.66,0.0379
model-1577210348,1577210816.12,in_sample,0.94,0.0083,validation,0.66,0.0365
model-1577210348,1577210819.626,in_sample,0.94,0.0068,validation,0.65,0.0371
model-1577210348,1577210823.094,in_sample,0.94,0.0068,validation,0.67,0.0369
model-1577210348,1577210826.598,in_sample,0.91,0.0107,validation,0.67,0.0364
model-1577210348,1577210830.116,in_sample,0.97,0.0059,validation,0.68,0.0355
model-1577210348,1577210833.673,in_sample,0.94,0.0067,validation,0.65,0.0363
model-1577210348,1577210837.406,in_sample,0.91,0.0112,validation,0.65,0.0385
model-1577210348,1577210840.979,in_sample,0.97,0.0031,validation,0.67,0.0358
model-1577210348,1577210844.52,in_sample,0.94,0.0071,validation,0.67,0.0361
model-1577210348,1577210848.078,in_sample,1.0,0.0,validation,0.68,0.0359
model-1577210348,1577210851.719,in_sample,0.97,0.0047,validation,0.68,0.0344
model-1577210348,1577210855.239,in_sample,0.81,0.0232,validation,0.68,0.0353
model-1577210348,1577210858.786,in_sample,0.94,0.0045,validation,0.67,0.0357
model-1577210348,1577210862.386,in_sample,0.94,0.0071,validation,0.67,0.0359
model-1577210348,1577210865.931,in_sample,0.97,0.0034,validation,0.67,0.035
model-1577210348,1577210869.547,in_sample,0.94,0.0065,validation,0.67,0.0353
